Started GET "/" for 127.0.0.1 at 2016-10-17 22:51:57 -0200
  
ActiveRecord::PendingMigrationError (

Migrations are pending. To resolve this issue, run:

	bin/rails db:migrate RAILS_ENV=development

):
  
activerecord (5.0.0.1) lib/active_record/migration.rb:572:in `check_pending!'
activerecord (5.0.0.1) lib/active_record/migration.rb:548:in `call'
actionpack (5.0.0.1) lib/action_dispatch/middleware/callbacks.rb:38:in `block in call'
activesupport (5.0.0.1) lib/active_support/callbacks.rb:97:in `__run_callbacks__'
activesupport (5.0.0.1) lib/active_support/callbacks.rb:750:in `_run_call_callbacks'
activesupport (5.0.0.1) lib/active_support/callbacks.rb:90:in `run_callbacks'
actionpack (5.0.0.1) lib/action_dispatch/middleware/callbacks.rb:36:in `call'
actionpack (5.0.0.1) lib/action_dispatch/middleware/executor.rb:12:in `call'
actionpack (5.0.0.1) lib/action_dispatch/middleware/remote_ip.rb:79:in `call'
actionpack (5.0.0.1) lib/action_dispatch/middleware/debug_exceptions.rb:49:in `call'
web-console (3.3.1) lib/web_console/middleware.rb:131:in `call_app'
web-console (3.3.1) lib/web_console/middleware.rb:28:in `block in call'
web-console (3.3.1) lib/web_console/middleware.rb:18:in `catch'
web-console (3.3.1) lib/web_console/middleware.rb:18:in `call'
actionpack (5.0.0.1) lib/action_dispatch/middleware/show_exceptions.rb:31:in `call'
railties (5.0.0.1) lib/rails/rack/logger.rb:36:in `call_app'
railties (5.0.0.1) lib/rails/rack/logger.rb:24:in `block in call'
activesupport (5.0.0.1) lib/active_support/tagged_logging.rb:70:in `block in tagged'
activesupport (5.0.0.1) lib/active_support/tagged_logging.rb:26:in `tagged'
activesupport (5.0.0.1) lib/active_support/tagged_logging.rb:70:in `tagged'
railties (5.0.0.1) lib/rails/rack/logger.rb:24:in `call'
sprockets-rails (3.2.0) lib/sprockets/rails/quiet_assets.rb:13:in `call'
actionpack (5.0.0.1) lib/action_dispatch/middleware/request_id.rb:24:in `call'
rack (2.0.1) lib/rack/method_override.rb:22:in `call'
rack (2.0.1) lib/rack/runtime.rb:22:in `call'
activesupport (5.0.0.1) lib/active_support/cache/strategy/local_cache_middleware.rb:28:in `call'
actionpack (5.0.0.1) lib/action_dispatch/middleware/executor.rb:12:in `call'
actionpack (5.0.0.1) lib/action_dispatch/middleware/static.rb:136:in `call'
rack (2.0.1) lib/rack/sendfile.rb:111:in `call'
railties (5.0.0.1) lib/rails/engine.rb:522:in `call'
puma (3.6.0) lib/puma/configuration.rb:225:in `call'
puma (3.6.0) lib/puma/server.rb:578:in `handle_request'
puma (3.6.0) lib/puma/server.rb:415:in `process_client'
puma (3.6.0) lib/puma/server.rb:275:in `block in run'
puma (3.6.0) lib/puma/thread_pool.rb:116:in `block in spawn_thread'
  Rendering /home/marlonfurtado/.rvm/gems/ruby-2.3.0/gems/actionpack-5.0.0.1/lib/action_dispatch/middleware/templates/rescues/diagnostics.html.erb within rescues/layout
  Rendering /home/marlonfurtado/.rvm/gems/ruby-2.3.0/gems/actionpack-5.0.0.1/lib/action_dispatch/middleware/templates/rescues/_source.html.erb
  Rendered /home/marlonfurtado/.rvm/gems/ruby-2.3.0/gems/actionpack-5.0.0.1/lib/action_dispatch/middleware/templates/rescues/_source.html.erb (1.8ms)
  Rendering /home/marlonfurtado/.rvm/gems/ruby-2.3.0/gems/actionpack-5.0.0.1/lib/action_dispatch/middleware/templates/rescues/_trace.html.erb
  Rendered /home/marlonfurtado/.rvm/gems/ruby-2.3.0/gems/actionpack-5.0.0.1/lib/action_dispatch/middleware/templates/rescues/_trace.html.erb (1.5ms)
  Rendering /home/marlonfurtado/.rvm/gems/ruby-2.3.0/gems/actionpack-5.0.0.1/lib/action_dispatch/middleware/templates/rescues/_request_and_response.html.erb
  Rendered /home/marlonfurtado/.rvm/gems/ruby-2.3.0/gems/actionpack-5.0.0.1/lib/action_dispatch/middleware/templates/rescues/_request_and_response.html.erb (1.0ms)
  Rendered /home/marlonfurtado/.rvm/gems/ruby-2.3.0/gems/actionpack-5.0.0.1/lib/action_dispatch/middleware/templates/rescues/diagnostics.html.erb within rescues/layout (51.1ms)
DEPRECATION WARNING: Passing #original_exception is deprecated and has no effect. Exceptions will automatically capture the original exception. (called from load at /home/marlonfurtado/.rvm/gems/ruby-2.3.0/bin/rake:23)
  [1m[35m (97.1ms)[0m  [1m[35mCREATE TABLE "demand_blood_banks" ("id" INTEGER PRIMARY KEY AUTOINCREMENT NOT NULL, "a_positive" integer, "a_negative" integer, "b_positive" integer, "b_negative" integer, "ab_positive" integer, "ab_negative" integer, "o_positive" integer, "o_negative" integer)[0m
  [1m[35m (75.3ms)[0m  [1m[35mCREATE TABLE "user_blood_banks" ("id" INTEGER PRIMARY KEY AUTOINCREMENT NOT NULL, "email" varchar DEFAULT '' NOT NULL, "encrypted_password" varchar DEFAULT '' NOT NULL, "reset_password_token" varchar, "reset_password_sent_at" datetime, "remember_created_at" datetime, "sign_in_count" integer DEFAULT 0 NOT NULL, "current_sign_in_at" datetime, "last_sign_in_at" datetime, "current_sign_in_ip" varchar, "last_sign_in_ip" varchar, "created_at" datetime NOT NULL, "updated_at" datetime NOT NULL, "name" varchar, "phone" varchar, "extension" varchar, "cnpj" varchar, "lat" varchar, "long" varchar, "adress" varchar)[0m
  [1m[35m (0.1ms)[0m  [1m[34mselect sqlite_version(*)[0m
  [1m[35m (90.5ms)[0m  [1m[35mCREATE UNIQUE INDEX "index_user_blood_banks_on_cnpj" ON "user_blood_banks" ("cnpj")[0m
  [1m[35m (0.2ms)[0m  [1m[34m            SELECT sql
            FROM sqlite_master
            WHERE name='index_user_blood_banks_on_cnpj' AND type='index'
            UNION ALL
            SELECT sql
            FROM sqlite_temp_master
            WHERE name='index_user_blood_banks_on_cnpj' AND type='index'
[0m
  [1m[35m (75.9ms)[0m  [1m[35mCREATE UNIQUE INDEX "index_user_blood_banks_on_email" ON "user_blood_banks" ("email")[0m
  [1m[35m (0.1ms)[0m  [1m[34m            SELECT sql
            FROM sqlite_master
            WHERE name='index_user_blood_banks_on_email' AND type='index'
            UNION ALL
            SELECT sql
            FROM sqlite_temp_master
            WHERE name='index_user_blood_banks_on_email' AND type='index'
[0m
  [1m[35m (0.1ms)[0m  [1m[34m            SELECT sql
            FROM sqlite_master
            WHERE name='index_user_blood_banks_on_cnpj' AND type='index'
            UNION ALL
            SELECT sql
            FROM sqlite_temp_master
            WHERE name='index_user_blood_banks_on_cnpj' AND type='index'
[0m
  [1m[35m (90.5ms)[0m  [1m[35mCREATE UNIQUE INDEX "index_user_blood_banks_on_reset_password_token" ON "user_blood_banks" ("reset_password_token")[0m
  [1m[35m (86.9ms)[0m  [1m[35mCREATE TABLE "user_blood_donators" ("id" INTEGER PRIMARY KEY AUTOINCREMENT NOT NULL, "email" varchar DEFAULT '' NOT NULL, "encrypted_password" varchar DEFAULT '' NOT NULL, "reset_password_token" varchar, "reset_password_sent_at" datetime, "remember_created_at" datetime, "sign_in_count" integer DEFAULT 0 NOT NULL, "current_sign_in_at" datetime, "last_sign_in_at" datetime, "current_sign_in_ip" varchar, "last_sign_in_ip" varchar, "created_at" datetime NOT NULL, "updated_at" datetime NOT NULL, "name" varchar, "date_birth" date, "phone" varchar, "cpf" varchar, "notification" boolean, "genre" varchar, "blood_type" varchar, "admin" boolean, "last_donation" date, "cep" varchar, "long" varchar, "lat" varchar)[0m
  [1m[35m (89.2ms)[0m  [1m[35mCREATE UNIQUE INDEX "index_user_blood_donators_on_cpf" ON "user_blood_donators" ("cpf")[0m
  [1m[35m (0.2ms)[0m  [1m[34m            SELECT sql
            FROM sqlite_master
            WHERE name='index_user_blood_donators_on_cpf' AND type='index'
            UNION ALL
            SELECT sql
            FROM sqlite_temp_master
            WHERE name='index_user_blood_donators_on_cpf' AND type='index'
[0m
  [1m[35m (97.9ms)[0m  [1m[35mCREATE UNIQUE INDEX "index_user_blood_donators_on_email" ON "user_blood_donators" ("email")[0m
  [1m[35m (0.1ms)[0m  [1m[34m            SELECT sql
            FROM sqlite_master
            WHERE name='index_user_blood_donators_on_email' AND type='index'
            UNION ALL
            SELECT sql
            FROM sqlite_temp_master
            WHERE name='index_user_blood_donators_on_email' AND type='index'
[0m
  [1m[35m (0.1ms)[0m  [1m[34m            SELECT sql
            FROM sqlite_master
            WHERE name='index_user_blood_donators_on_cpf' AND type='index'
            UNION ALL
            SELECT sql
            FROM sqlite_temp_master
            WHERE name='index_user_blood_donators_on_cpf' AND type='index'
[0m
  [1m[35m (289.9ms)[0m  [1m[35mCREATE UNIQUE INDEX "index_user_blood_donators_on_reset_password_token" ON "user_blood_donators" ("reset_password_token")[0m
  [1m[35m (99.5ms)[0m  [1m[35mCREATE TABLE "schema_migrations" ("version" varchar NOT NULL PRIMARY KEY)[0m
  [1m[35m (0.1ms)[0m  [1m[34mSELECT version FROM "schema_migrations"[0m
  [1m[35m (53.1ms)[0m  [1m[32mINSERT INTO "schema_migrations" (version) VALUES ('20161014132149')[0m
  [1m[35m (53.5ms)[0m  [1m[32mINSERT INTO schema_migrations (version) VALUES ('20161013182557'), ('20161014131437');

[0m
  [1m[35m (81.1ms)[0m  [1m[35mCREATE TABLE "ar_internal_metadata" ("key" varchar NOT NULL PRIMARY KEY, "value" varchar, "created_at" datetime NOT NULL, "updated_at" datetime NOT NULL)[0m
  [1m[36mActiveRecord::InternalMetadata Load (0.2ms)[0m  [1m[34mSELECT  "ar_internal_metadata".* FROM "ar_internal_metadata" WHERE "ar_internal_metadata"."key" = ? LIMIT ?[0m  [["key", :environment], ["LIMIT", 1]]
  [1m[35m (0.1ms)[0m  [1m[36mbegin transaction[0m
  [1m[35mSQL (0.2ms)[0m  [1m[32mINSERT INTO "ar_internal_metadata" ("key", "value", "created_at", "updated_at") VALUES (?, ?, ?, ?)[0m  [["key", "environment"], ["value", "development"], ["created_at", 2016-10-18 00:52:14 UTC], ["updated_at", 2016-10-18 00:52:14 UTC]]
  [1m[35m (61.4ms)[0m  [1m[36mcommit transaction[0m
  [1m[36mActiveRecord::InternalMetadata Load (0.1ms)[0m  [1m[34mSELECT  "ar_internal_metadata".* FROM "ar_internal_metadata" WHERE "ar_internal_metadata"."key" = ? LIMIT ?[0m  [["key", :environment], ["LIMIT", 1]]
  [1m[35m (0.0ms)[0m  [1m[36mbegin transaction[0m
  [1m[35m (0.0ms)[0m  [1m[36mcommit transaction[0m
  [1m[35m (76.7ms)[0m  [1m[35mCREATE TABLE "demand_blood_banks" ("id" INTEGER PRIMARY KEY AUTOINCREMENT NOT NULL, "a_positive" integer, "a_negative" integer, "b_positive" integer, "b_negative" integer, "ab_positive" integer, "ab_negative" integer, "o_positive" integer, "o_negative" integer)[0m
  [1m[35m (111.7ms)[0m  [1m[35mCREATE TABLE "user_blood_banks" ("id" INTEGER PRIMARY KEY AUTOINCREMENT NOT NULL, "email" varchar DEFAULT '' NOT NULL, "encrypted_password" varchar DEFAULT '' NOT NULL, "reset_password_token" varchar, "reset_password_sent_at" datetime, "remember_created_at" datetime, "sign_in_count" integer DEFAULT 0 NOT NULL, "current_sign_in_at" datetime, "last_sign_in_at" datetime, "current_sign_in_ip" varchar, "last_sign_in_ip" varchar, "created_at" datetime NOT NULL, "updated_at" datetime NOT NULL, "name" varchar, "phone" varchar, "extension" varchar, "cnpj" varchar, "lat" varchar, "long" varchar, "adress" varchar)[0m
  [1m[35m (0.1ms)[0m  [1m[34mselect sqlite_version(*)[0m
  [1m[35m (156.7ms)[0m  [1m[35mCREATE UNIQUE INDEX "index_user_blood_banks_on_cnpj" ON "user_blood_banks" ("cnpj")[0m
  [1m[35m (0.1ms)[0m  [1m[34m            SELECT sql
            FROM sqlite_master
            WHERE name='index_user_blood_banks_on_cnpj' AND type='index'
            UNION ALL
            SELECT sql
            FROM sqlite_temp_master
            WHERE name='index_user_blood_banks_on_cnpj' AND type='index'
[0m
  [1m[35m (78.9ms)[0m  [1m[35mCREATE UNIQUE INDEX "index_user_blood_banks_on_email" ON "user_blood_banks" ("email")[0m
  [1m[35m (0.2ms)[0m  [1m[34m            SELECT sql
            FROM sqlite_master
            WHERE name='index_user_blood_banks_on_email' AND type='index'
            UNION ALL
            SELECT sql
            FROM sqlite_temp_master
            WHERE name='index_user_blood_banks_on_email' AND type='index'
[0m
  [1m[35m (0.2ms)[0m  [1m[34m            SELECT sql
            FROM sqlite_master
            WHERE name='index_user_blood_banks_on_cnpj' AND type='index'
            UNION ALL
            SELECT sql
            FROM sqlite_temp_master
            WHERE name='index_user_blood_banks_on_cnpj' AND type='index'
[0m
  [1m[35m (73.7ms)[0m  [1m[35mCREATE UNIQUE INDEX "index_user_blood_banks_on_reset_password_token" ON "user_blood_banks" ("reset_password_token")[0m
  [1m[35m (75.9ms)[0m  [1m[35mCREATE TABLE "user_blood_donators" ("id" INTEGER PRIMARY KEY AUTOINCREMENT NOT NULL, "email" varchar DEFAULT '' NOT NULL, "encrypted_password" varchar DEFAULT '' NOT NULL, "reset_password_token" varchar, "reset_password_sent_at" datetime, "remember_created_at" datetime, "sign_in_count" integer DEFAULT 0 NOT NULL, "current_sign_in_at" datetime, "last_sign_in_at" datetime, "current_sign_in_ip" varchar, "last_sign_in_ip" varchar, "created_at" datetime NOT NULL, "updated_at" datetime NOT NULL, "name" varchar, "date_birth" date, "phone" varchar, "cpf" varchar, "notification" boolean, "genre" varchar, "blood_type" varchar, "admin" boolean, "last_donation" date, "cep" varchar, "long" varchar, "lat" varchar)[0m
  [1m[35m (78.3ms)[0m  [1m[35mCREATE UNIQUE INDEX "index_user_blood_donators_on_cpf" ON "user_blood_donators" ("cpf")[0m
  [1m[35m (0.3ms)[0m  [1m[34m            SELECT sql
            FROM sqlite_master
            WHERE name='index_user_blood_donators_on_cpf' AND type='index'
            UNION ALL
            SELECT sql
            FROM sqlite_temp_master
            WHERE name='index_user_blood_donators_on_cpf' AND type='index'
[0m
  [1m[35m (76.7ms)[0m  [1m[35mCREATE UNIQUE INDEX "index_user_blood_donators_on_email" ON "user_blood_donators" ("email")[0m
  [1m[35m (0.3ms)[0m  [1m[34m            SELECT sql
            FROM sqlite_master
            WHERE name='index_user_blood_donators_on_email' AND type='index'
            UNION ALL
            SELECT sql
            FROM sqlite_temp_master
            WHERE name='index_user_blood_donators_on_email' AND type='index'
[0m
  [1m[35m (0.2ms)[0m  [1m[34m            SELECT sql
            FROM sqlite_master
            WHERE name='index_user_blood_donators_on_cpf' AND type='index'
            UNION ALL
            SELECT sql
            FROM sqlite_temp_master
            WHERE name='index_user_blood_donators_on_cpf' AND type='index'
[0m
  [1m[35m (75.0ms)[0m  [1m[35mCREATE UNIQUE INDEX "index_user_blood_donators_on_reset_password_token" ON "user_blood_donators" ("reset_password_token")[0m
  [1m[35m (73.9ms)[0m  [1m[35mCREATE TABLE "schema_migrations" ("version" varchar NOT NULL PRIMARY KEY)[0m
  [1m[35m (0.1ms)[0m  [1m[34mSELECT version FROM "schema_migrations"[0m
  [1m[35m (52.1ms)[0m  [1m[32mINSERT INTO "schema_migrations" (version) VALUES ('20161014132149')[0m
  [1m[35m (57.2ms)[0m  [1m[32mINSERT INTO schema_migrations (version) VALUES ('20161013182557'), ('20161014131437');

[0m
  [1m[35m (78.1ms)[0m  [1m[35mCREATE TABLE "ar_internal_metadata" ("key" varchar NOT NULL PRIMARY KEY, "value" varchar, "created_at" datetime NOT NULL, "updated_at" datetime NOT NULL)[0m
  [1m[36mActiveRecord::InternalMetadata Load (0.2ms)[0m  [1m[34mSELECT  "ar_internal_metadata".* FROM "ar_internal_metadata" WHERE "ar_internal_metadata"."key" = ? LIMIT ?[0m  [["key", :environment], ["LIMIT", 1]]
  [1m[35m (0.0ms)[0m  [1m[36mbegin transaction[0m
  [1m[35mSQL (0.2ms)[0m  [1m[32mINSERT INTO "ar_internal_metadata" ("key", "value", "created_at", "updated_at") VALUES (?, ?, ?, ?)[0m  [["key", "environment"], ["value", "development"], ["created_at", 2016-10-18 00:52:15 UTC], ["updated_at", 2016-10-18 00:52:15 UTC]]
  [1m[35m (60.9ms)[0m  [1m[36mcommit transaction[0m
  [1m[36mActiveRecord::InternalMetadata Load (0.1ms)[0m  [1m[34mSELECT  "ar_internal_metadata".* FROM "ar_internal_metadata" WHERE "ar_internal_metadata"."key" = ? LIMIT ?[0m  [["key", :environment], ["LIMIT", 1]]
  [1m[35m (0.0ms)[0m  [1m[36mbegin transaction[0m
  [1m[35m (0.1ms)[0m  [1m[36mcommit transaction[0m
  [1m[36mActiveRecord::SchemaMigration Load (0.1ms)[0m  [1m[34mSELECT "schema_migrations".* FROM "schema_migrations"[0m
  [1m[35m (0.1ms)[0m  [1m[36mbegin transaction[0m
  [1m[35mSQL (0.7ms)[0m  [1m[32mINSERT INTO "user_blood_donators" ("email", "encrypted_password", "created_at", "updated_at", "name", "cpf") VALUES (?, ?, ?, ?, ?, ?)[0m  [["email", "pedraodoador@hotmail.com"], ["encrypted_password", "$2a$11$xFJVdaigAMhYzq7pVwzIjOYF2mI0BWBWFGXqIWKLxzMektZ4WW8/G"], ["created_at", 2016-10-18 00:52:15 UTC], ["updated_at", 2016-10-18 00:52:15 UTC], ["name", "Pedrao dos Login"], ["cpf", "12345678912"]]
  [1m[35m (68.1ms)[0m  [1m[36mcommit transaction[0m
  [1m[35m (0.1ms)[0m  [1m[36mbegin transaction[0m
  [1m[35mSQL (0.2ms)[0m  [1m[32mINSERT INTO "user_blood_banks" ("email", "encrypted_password", "created_at", "updated_at", "name", "cnpj") VALUES (?, ?, ?, ?, ?, ?)[0m  [["email", "pedrao@admin.com"], ["encrypted_password", "$2a$11$8bipJiOLWMmrysLlZWRoYuKRtyiKHrPGnT.15M7TR4BEHU3hvjCfy"], ["created_at", 2016-10-18 00:52:15 UTC], ["updated_at", 2016-10-18 00:52:15 UTC], ["name", "Pedrao dos Banco"], ["cnpj", "12345678912345"]]
  [1m[35m (64.7ms)[0m  [1m[36mcommit transaction[0m
  [1m[36mActiveRecord::SchemaMigration Load (0.1ms)[0m  [1m[34mSELECT "schema_migrations".* FROM "schema_migrations"[0m
  [1m[36mActiveRecord::InternalMetadata Load (0.2ms)[0m  [1m[34mSELECT  "ar_internal_metadata".* FROM "ar_internal_metadata" WHERE "ar_internal_metadata"."key" = ? LIMIT ?[0m  [["key", :environment], ["LIMIT", 1]]
  [1m[35m (0.1ms)[0m  [1m[36mbegin transaction[0m
  [1m[35m (0.1ms)[0m  [1m[36mcommit transaction[0m
  [1m[36mActiveRecord::SchemaMigration Load (0.0ms)[0m  [1m[34mSELECT "schema_migrations".* FROM "schema_migrations"[0m
  [1m[35m (0.1ms)[0m  [1m[34m            SELECT sql
            FROM sqlite_master
            WHERE name='index_user_blood_banks_on_reset_password_token' AND type='index'
            UNION ALL
            SELECT sql
            FROM sqlite_temp_master
            WHERE name='index_user_blood_banks_on_reset_password_token' AND type='index'
[0m
  [1m[35m (0.1ms)[0m  [1m[34m            SELECT sql
            FROM sqlite_master
            WHERE name='index_user_blood_banks_on_email' AND type='index'
            UNION ALL
            SELECT sql
            FROM sqlite_temp_master
            WHERE name='index_user_blood_banks_on_email' AND type='index'
[0m
  [1m[35m (0.1ms)[0m  [1m[34m            SELECT sql
            FROM sqlite_master
            WHERE name='index_user_blood_banks_on_cnpj' AND type='index'
            UNION ALL
            SELECT sql
            FROM sqlite_temp_master
            WHERE name='index_user_blood_banks_on_cnpj' AND type='index'
[0m
  [1m[35m (0.1ms)[0m  [1m[34m            SELECT sql
            FROM sqlite_master
            WHERE name='index_user_blood_donators_on_reset_password_token' AND type='index'
            UNION ALL
            SELECT sql
            FROM sqlite_temp_master
            WHERE name='index_user_blood_donators_on_reset_password_token' AND type='index'
[0m
  [1m[35m (0.1ms)[0m  [1m[34m            SELECT sql
            FROM sqlite_master
            WHERE name='index_user_blood_donators_on_email' AND type='index'
            UNION ALL
            SELECT sql
            FROM sqlite_temp_master
            WHERE name='index_user_blood_donators_on_email' AND type='index'
[0m
  [1m[35m (0.1ms)[0m  [1m[34m            SELECT sql
            FROM sqlite_master
            WHERE name='index_user_blood_donators_on_cpf' AND type='index'
            UNION ALL
            SELECT sql
            FROM sqlite_temp_master
            WHERE name='index_user_blood_donators_on_cpf' AND type='index'
[0m
  [1m[36mActiveRecord::SchemaMigration Load (0.1ms)[0m  [1m[34mSELECT "schema_migrations".* FROM "schema_migrations"[0m
  [1m[35m (0.1ms)[0m  [1m[36mbegin transaction[0m
  [1m[35mSQL (0.4ms)[0m  [1m[32mINSERT INTO "user_blood_donators" ("email", "encrypted_password", "created_at", "updated_at", "name", "cpf") VALUES (?, ?, ?, ?, ?, ?)[0m  [["email", "pedraodoador@hotmail.com"], ["encrypted_password", "$2a$11$tptxKRejbbOp3hT8hDbwF.1VeGB2lKad2ym60i7soZpx1LTLVKvPi"], ["created_at", 2016-10-18 00:52:29 UTC], ["updated_at", 2016-10-18 00:52:29 UTC], ["name", "Pedrao dos Login"], ["cpf", "12345678912"]]
  [1m[35m (0.1ms)[0m  [1m[31mrollback transaction[0m
  [1m[36mActiveRecord::SchemaMigration Load (0.1ms)[0m  [1m[34mSELECT "schema_migrations".* FROM "schema_migrations"[0m
  [1m[36mActiveRecord::InternalMetadata Load (0.2ms)[0m  [1m[34mSELECT  "ar_internal_metadata".* FROM "ar_internal_metadata" WHERE "ar_internal_metadata"."key" = ? LIMIT ?[0m  [["key", :environment], ["LIMIT", 1]]
  [1m[35m (0.1ms)[0m  [1m[36mbegin transaction[0m
  [1m[35m (0.1ms)[0m  [1m[36mcommit transaction[0m
  [1m[36mActiveRecord::SchemaMigration Load (0.1ms)[0m  [1m[34mSELECT "schema_migrations".* FROM "schema_migrations"[0m
  [1m[35m (0.1ms)[0m  [1m[34m            SELECT sql
            FROM sqlite_master
            WHERE name='index_user_blood_banks_on_reset_password_token' AND type='index'
            UNION ALL
            SELECT sql
            FROM sqlite_temp_master
            WHERE name='index_user_blood_banks_on_reset_password_token' AND type='index'
[0m
  [1m[35m (0.1ms)[0m  [1m[34m            SELECT sql
            FROM sqlite_master
            WHERE name='index_user_blood_banks_on_email' AND type='index'
            UNION ALL
            SELECT sql
            FROM sqlite_temp_master
            WHERE name='index_user_blood_banks_on_email' AND type='index'
[0m
  [1m[35m (0.1ms)[0m  [1m[34m            SELECT sql
            FROM sqlite_master
            WHERE name='index_user_blood_banks_on_cnpj' AND type='index'
            UNION ALL
            SELECT sql
            FROM sqlite_temp_master
            WHERE name='index_user_blood_banks_on_cnpj' AND type='index'
[0m
  [1m[35m (0.1ms)[0m  [1m[34m            SELECT sql
            FROM sqlite_master
            WHERE name='index_user_blood_donators_on_reset_password_token' AND type='index'
            UNION ALL
            SELECT sql
            FROM sqlite_temp_master
            WHERE name='index_user_blood_donators_on_reset_password_token' AND type='index'
[0m
  [1m[35m (0.1ms)[0m  [1m[34m            SELECT sql
            FROM sqlite_master
            WHERE name='index_user_blood_donators_on_email' AND type='index'
            UNION ALL
            SELECT sql
            FROM sqlite_temp_master
            WHERE name='index_user_blood_donators_on_email' AND type='index'
[0m
  [1m[35m (0.1ms)[0m  [1m[34m            SELECT sql
            FROM sqlite_master
            WHERE name='index_user_blood_donators_on_cpf' AND type='index'
            UNION ALL
            SELECT sql
            FROM sqlite_temp_master
            WHERE name='index_user_blood_donators_on_cpf' AND type='index'
[0m
Started GET "/" for 127.0.0.1 at 2016-10-17 22:53:09 -0200
  [1m[36mActiveRecord::SchemaMigration Load (0.1ms)[0m  [1m[34mSELECT "schema_migrations".* FROM "schema_migrations"[0m
Processing by ApplicationController#index as HTML
  Rendering application/index.html.erb within layouts/application
  Rendered application/index.html.erb within layouts/application (1.0ms)
  Rendered layouts/_header.html.erb (4.3ms)
Completed 200 OK in 1452ms (Views: 1433.7ms | ActiveRecord: 0.0ms)


Started GET "/cadastroDoador" for 127.0.0.1 at 2016-10-17 22:53:15 -0200
Processing by UserBloodDonators::RegistrationsController#new as HTML
  Rendering user_blood_donators/registrations/new.html.erb within layouts/application
  Rendered user_blood_donators/registrations/_form.html.erb (38.8ms)
  Rendered user_blood_donators/registrations/new.html.erb within layouts/application (39.7ms)
  Rendered layouts/_header.html.erb (1.0ms)
Completed 200 OK in 125ms (Views: 106.9ms | ActiveRecord: 1.0ms)


Started GET "/cadastroDoador" for 127.0.0.1 at 2016-10-17 22:53:39 -0200
Processing by UserBloodDonators::RegistrationsController#new as HTML
  Rendering user_blood_donators/registrations/new.html.erb within layouts/application
  Rendered user_blood_donators/registrations/_form.html.erb (5.8ms)
  Rendered user_blood_donators/registrations/new.html.erb within layouts/application (7.5ms)
  Rendered layouts/_header.html.erb (1.0ms)
Completed 200 OK in 79ms (Views: 77.7ms | ActiveRecord: 0.0ms)


Started GET "/cadastroDoador" for 127.0.0.1 at 2016-10-17 22:53:42 -0200
Processing by UserBloodDonators::RegistrationsController#new as HTML
  Rendering user_blood_donators/registrations/new.html.erb within layouts/application
  Rendered user_blood_donators/registrations/_form.html.erb (6.1ms)
  Rendered user_blood_donators/registrations/new.html.erb within layouts/application (7.8ms)
  Rendered layouts/_header.html.erb (1.1ms)
Completed 200 OK in 84ms (Views: 82.9ms | ActiveRecord: 0.0ms)


Started GET "/cadastroDoador" for 127.0.0.1 at 2016-10-17 22:53:47 -0200
Processing by UserBloodDonators::RegistrationsController#new as HTML
  Rendering user_blood_donators/registrations/new.html.erb within layouts/application
  Rendered user_blood_donators/registrations/_form.html.erb (3.7ms)
  Rendered user_blood_donators/registrations/new.html.erb within layouts/application (4.9ms)
  Rendered layouts/_header.html.erb (1.0ms)
Completed 200 OK in 75ms (Views: 73.3ms | ActiveRecord: 0.0ms)


Started GET "/cadastroDoador" for 127.0.0.1 at 2016-10-17 22:53:51 -0200
Processing by UserBloodDonators::RegistrationsController#new as HTML
  Rendering user_blood_donators/registrations/new.html.erb within layouts/application
  Rendered user_blood_donators/registrations/_form.html.erb (3.9ms)
  Rendered user_blood_donators/registrations/new.html.erb within layouts/application (7.7ms)
  Rendered layouts/_header.html.erb (1.0ms)
Completed 200 OK in 72ms (Views: 70.5ms | ActiveRecord: 0.0ms)


Started GET "/cadastroDoador" for 127.0.0.1 at 2016-10-17 22:54:21 -0200
Processing by UserBloodDonators::RegistrationsController#new as HTML
  Rendering user_blood_donators/registrations/new.html.erb within layouts/application
  Rendered user_blood_donators/registrations/_form.html.erb (2.9ms)
  Rendered user_blood_donators/registrations/new.html.erb within layouts/application (3.9ms)
  Rendered layouts/_header.html.erb (1.1ms)
Completed 200 OK in 126ms (Views: 124.8ms | ActiveRecord: 0.0ms)


Started GET "/cadastroBanco" for 127.0.0.1 at 2016-10-17 22:54:30 -0200
Processing by UserBloodBanks::RegistrationsController#new as HTML
  Rendering user_blood_banks/registrations/new.html.erb within layouts/application
  Rendered user_blood_banks/registrations/_form.html.erb (2.4ms)
  Rendered user_blood_banks/registrations/new.html.erb within layouts/application (3.4ms)
  Rendered layouts/_header.html.erb (1.0ms)
Completed 200 OK in 86ms (Views: 64.0ms | ActiveRecord: 1.2ms)


Started GET "/cadastroBanco" for 127.0.0.1 at 2016-10-17 22:54:37 -0200
Processing by UserBloodBanks::RegistrationsController#new as HTML
  Rendering user_blood_banks/registrations/new.html.erb within layouts/application
  Rendered user_blood_banks/registrations/_form.html.erb (2.6ms)
  Rendered user_blood_banks/registrations/new.html.erb within layouts/application (4.0ms)
  Rendered layouts/_header.html.erb (1.0ms)
Completed 200 OK in 70ms (Views: 68.9ms | ActiveRecord: 0.0ms)


Started GET "/cadastroBanco" for 127.0.0.1 at 2016-10-17 22:54:41 -0200
Processing by UserBloodBanks::RegistrationsController#new as HTML
  Rendering user_blood_banks/registrations/new.html.erb within layouts/application
  Rendered user_blood_banks/registrations/_form.html.erb (5.2ms)
  Rendered user_blood_banks/registrations/new.html.erb within layouts/application (7.3ms)
  Rendered layouts/_header.html.erb (1.6ms)
Completed 200 OK in 99ms (Views: 96.9ms | ActiveRecord: 0.0ms)


Started GET "/cadastroBanco" for 127.0.0.1 at 2016-10-17 23:17:48 -0200
Processing by UserBloodBanks::RegistrationsController#new as HTML
  Rendering user_blood_banks/registrations/new.html.erb within layouts/application
  Rendered user_blood_banks/registrations/_form.html.erb (4.7ms)
  Rendered user_blood_banks/registrations/new.html.erb within layouts/application (6.9ms)
  Rendered layouts/_header.html.erb (1.1ms)
Completed 200 OK in 90ms (Views: 88.5ms | ActiveRecord: 0.0ms)


Started GET "/cadastroBanco" for 127.0.0.1 at 2016-10-17 23:18:55 -0200
Processing by UserBloodBanks::RegistrationsController#new as HTML
  Rendering user_blood_banks/registrations/new.html.erb within layouts/application
  Rendered user_blood_banks/registrations/_form.html.erb (2.5ms)
  Rendered user_blood_banks/registrations/new.html.erb within layouts/application (3.6ms)
  Rendered layouts/_header.html.erb (1.1ms)
Completed 200 OK in 132ms (Views: 130.0ms | ActiveRecord: 0.0ms)


Started GET "/cadastroBanco" for 127.0.0.1 at 2016-10-17 23:19:09 -0200
Processing by UserBloodBanks::RegistrationsController#new as HTML
  Rendering user_blood_banks/registrations/new.html.erb within layouts/application
  Rendered user_blood_banks/registrations/_form.html.erb (3.4ms)
  Rendered user_blood_banks/registrations/new.html.erb within layouts/application (4.7ms)
  Rendered layouts/_header.html.erb (1.0ms)
Completed 200 OK in 70ms (Views: 68.8ms | ActiveRecord: 0.0ms)


Started GET "/cadastroBanco" for 127.0.0.1 at 2016-10-17 23:19:16 -0200
Processing by UserBloodBanks::RegistrationsController#new as HTML
  Rendering user_blood_banks/registrations/new.html.erb within layouts/application
  Rendered user_blood_banks/registrations/_form.html.erb (3.9ms)
  Rendered user_blood_banks/registrations/new.html.erb within layouts/application (5.6ms)
  Rendered layouts/_header.html.erb (1.1ms)
Completed 200 OK in 92ms (Views: 90.1ms | ActiveRecord: 0.0ms)


Started GET "/cadastroDoador" for 127.0.0.1 at 2016-10-17 23:19:26 -0200
Processing by UserBloodDonators::RegistrationsController#new as HTML
  Rendering user_blood_donators/registrations/new.html.erb within layouts/application
  Rendered user_blood_donators/registrations/_form.html.erb (3.8ms)
  Rendered user_blood_donators/registrations/new.html.erb within layouts/application (4.9ms)
  Rendered layouts/_header.html.erb (1.0ms)
Completed 200 OK in 71ms (Views: 69.5ms | ActiveRecord: 0.0ms)


Started GET "/cadastroDoador" for 127.0.0.1 at 2016-10-17 23:19:32 -0200
Processing by UserBloodDonators::RegistrationsController#new as HTML
  Rendering user_blood_donators/registrations/new.html.erb within layouts/application
  Rendered user_blood_donators/registrations/_form.html.erb (4.0ms)
  Rendered user_blood_donators/registrations/new.html.erb within layouts/application (5.4ms)
  Rendered layouts/_header.html.erb (1.0ms)
Completed 200 OK in 70ms (Views: 68.6ms | ActiveRecord: 0.0ms)


Started GET "/cadastroDoador" for 127.0.0.1 at 2016-10-17 23:19:45 -0200
Processing by UserBloodDonators::RegistrationsController#new as HTML
  Rendering user_blood_donators/registrations/new.html.erb within layouts/application
  Rendered user_blood_donators/registrations/_form.html.erb (2.7ms)
  Rendered user_blood_donators/registrations/new.html.erb within layouts/application (3.6ms)
  Rendered layouts/_header.html.erb (1.0ms)
Completed 200 OK in 63ms (Views: 61.7ms | ActiveRecord: 0.0ms)


Started GET "/cadastroDoador" for 127.0.0.1 at 2016-10-17 23:19:47 -0200
Processing by UserBloodDonators::RegistrationsController#new as HTML
  Rendering user_blood_donators/registrations/new.html.erb within layouts/application
  Rendered user_blood_donators/registrations/_form.html.erb (3.0ms)
  Rendered user_blood_donators/registrations/new.html.erb within layouts/application (4.5ms)
  Rendered layouts/_header.html.erb (1.9ms)
Completed 200 OK in 92ms (Views: 90.7ms | ActiveRecord: 0.0ms)


Started GET "/cadastroDoador" for 127.0.0.1 at 2016-10-17 23:21:09 -0200
Processing by UserBloodDonators::RegistrationsController#new as HTML
  Rendering user_blood_donators/registrations/new.html.erb within layouts/application
  Rendered user_blood_donators/registrations/_form.html.erb (3.3ms)
  Rendered user_blood_donators/registrations/new.html.erb within layouts/application (4.9ms)
  Rendered layouts/_header.html.erb (1.1ms)
Completed 200 OK in 132ms (Views: 131.0ms | ActiveRecord: 0.0ms)


Started GET "/cadastroDoador" for 127.0.0.1 at 2016-10-17 23:21:13 -0200
Processing by UserBloodDonators::RegistrationsController#new as HTML
  Rendering user_blood_donators/registrations/new.html.erb within layouts/application
  Rendered user_blood_donators/registrations/_form.html.erb (2.6ms)
  Rendered user_blood_donators/registrations/new.html.erb within layouts/application (3.8ms)
  Rendered layouts/_header.html.erb (1.2ms)
Completed 200 OK in 65ms (Views: 64.4ms | ActiveRecord: 0.0ms)


Started GET "/cadastroDoador" for 127.0.0.1 at 2016-10-17 23:22:26 -0200
Processing by UserBloodDonators::RegistrationsController#new as HTML
  Rendering user_blood_donators/registrations/new.html.erb within layouts/application
  Rendered user_blood_donators/registrations/_form.html.erb (4.7ms)
  Rendered user_blood_donators/registrations/new.html.erb within layouts/application (6.3ms)
  Rendered layouts/_header.html.erb (1.0ms)
Completed 200 OK in 139ms (Views: 137.5ms | ActiveRecord: 0.0ms)


Started GET "/cadastroDoador" for 127.0.0.1 at 2016-10-17 23:24:41 -0200
Processing by UserBloodDonators::RegistrationsController#new as HTML
  Rendering user_blood_donators/registrations/new.html.erb within layouts/application
  Rendered user_blood_donators/registrations/_form.html.erb (3.9ms)
  Rendered user_blood_donators/registrations/new.html.erb within layouts/application (4.9ms)
  Rendered layouts/_header.html.erb (1.1ms)
Completed 200 OK in 127ms (Views: 126.3ms | ActiveRecord: 0.0ms)


Started GET "/cadastroDoador" for 127.0.0.1 at 2016-10-17 23:25:03 -0200
Processing by UserBloodDonators::RegistrationsController#new as HTML
  Rendering user_blood_donators/registrations/new.html.erb within layouts/application
  Rendered user_blood_donators/registrations/_form.html.erb (7.8ms)
  Rendered user_blood_donators/registrations/new.html.erb within layouts/application (10.8ms)
  Rendered layouts/_header.html.erb (1.0ms)
Completed 200 OK in 163ms (Views: 160.8ms | ActiveRecord: 0.0ms)


Started GET "/cadastroBanco" for 127.0.0.1 at 2016-10-17 23:25:20 -0200
Processing by UserBloodBanks::RegistrationsController#new as HTML
  Rendering user_blood_banks/registrations/new.html.erb within layouts/application
  Rendered user_blood_banks/registrations/_form.html.erb (4.4ms)
  Rendered user_blood_banks/registrations/new.html.erb within layouts/application (7.3ms)
  Rendered layouts/_header.html.erb (1.1ms)
Completed 200 OK in 67ms (Views: 65.6ms | ActiveRecord: 0.0ms)


Started GET "/cadastroBanco" for 127.0.0.1 at 2016-10-17 23:25:24 -0200
Processing by UserBloodBanks::RegistrationsController#new as HTML
  Rendering user_blood_banks/registrations/new.html.erb within layouts/application
  Rendered user_blood_banks/registrations/_form.html.erb (2.2ms)
  Rendered user_blood_banks/registrations/new.html.erb within layouts/application (3.3ms)
  Rendered layouts/_header.html.erb (1.0ms)
Completed 200 OK in 70ms (Views: 69.2ms | ActiveRecord: 0.0ms)


Started GET "/cadastroBanco" for 127.0.0.1 at 2016-10-17 23:25:27 -0200
Processing by UserBloodBanks::RegistrationsController#new as HTML
  Rendering user_blood_banks/registrations/new.html.erb within layouts/application
  Rendered user_blood_banks/registrations/_form.html.erb (3.6ms)
  Rendered user_blood_banks/registrations/new.html.erb within layouts/application (5.3ms)
  Rendered layouts/_header.html.erb (1.0ms)
Completed 200 OK in 69ms (Views: 68.3ms | ActiveRecord: 0.0ms)


Started GET "/cadastroBanco" for 127.0.0.1 at 2016-10-17 23:25:28 -0200
Processing by UserBloodBanks::RegistrationsController#new as HTML
  Rendering user_blood_banks/registrations/new.html.erb within layouts/application
  Rendered user_blood_banks/registrations/_form.html.erb (2.9ms)
  Rendered user_blood_banks/registrations/new.html.erb within layouts/application (4.0ms)
  Rendered layouts/_header.html.erb (1.1ms)
Completed 200 OK in 79ms (Views: 78.3ms | ActiveRecord: 0.0ms)


Started GET "/cadastroBanco/" for 127.0.0.1 at 2016-10-17 23:25:33 -0200
Processing by UserBloodBanks::RegistrationsController#new as HTML
  Rendering user_blood_banks/registrations/new.html.erb within layouts/application
  Rendered user_blood_banks/registrations/_form.html.erb (2.4ms)
  Rendered user_blood_banks/registrations/new.html.erb within layouts/application (3.3ms)
  Rendered layouts/_header.html.erb (1.0ms)
Completed 200 OK in 64ms (Views: 62.4ms | ActiveRecord: 0.0ms)


Started GET "/cadastroDoador" for 127.0.0.1 at 2016-10-17 23:25:48 -0200
Processing by UserBloodDonators::RegistrationsController#new as HTML
  Rendering user_blood_donators/registrations/new.html.erb within layouts/application
  Rendered user_blood_donators/registrations/_form.html.erb (7.7ms)
  Rendered user_blood_donators/registrations/new.html.erb within layouts/application (9.7ms)
  Rendered layouts/_header.html.erb (0.9ms)
Completed 200 OK in 88ms (Views: 86.8ms | ActiveRecord: 0.0ms)


Started GET "/cadastroDoador" for 127.0.0.1 at 2016-10-17 23:25:53 -0200
Processing by UserBloodDonators::RegistrationsController#new as HTML
  Rendering user_blood_donators/registrations/new.html.erb within layouts/application
  Rendered user_blood_donators/registrations/_form.html.erb (3.3ms)
  Rendered user_blood_donators/registrations/new.html.erb within layouts/application (4.6ms)
  Rendered layouts/_header.html.erb (1.1ms)
Completed 200 OK in 61ms (Views: 60.5ms | ActiveRecord: 0.0ms)


Started GET "/cadastroDoador" for 127.0.0.1 at 2016-10-17 23:28:40 -0200
Processing by UserBloodDonators::RegistrationsController#new as HTML
  Rendering user_blood_donators/registrations/new.html.erb within layouts/application
  Rendered user_blood_donators/registrations/_form.html.erb (7.8ms)
  Rendered user_blood_donators/registrations/new.html.erb within layouts/application (10.3ms)
  Rendered layouts/_header.html.erb (1.6ms)
Completed 200 OK in 83ms (Views: 80.7ms | ActiveRecord: 0.0ms)


Started GET "/cadastroDoador" for 127.0.0.1 at 2016-10-17 23:28:58 -0200
Processing by UserBloodDonators::RegistrationsController#new as HTML
  Rendering user_blood_donators/registrations/new.html.erb within layouts/application
  Rendered user_blood_donators/registrations/_form.html.erb (5.1ms)
  Rendered user_blood_donators/registrations/new.html.erb within layouts/application (6.7ms)
  Rendered layouts/_header.html.erb (1.0ms)
Completed 200 OK in 67ms (Views: 65.8ms | ActiveRecord: 0.0ms)


Started GET "/cadastroDoador" for 127.0.0.1 at 2016-10-17 23:29:30 -0200
Processing by UserBloodDonators::RegistrationsController#new as HTML
  Rendering user_blood_donators/registrations/new.html.erb within layouts/application
  Rendered user_blood_donators/registrations/_form.html.erb (3.2ms)
  Rendered user_blood_donators/registrations/new.html.erb within layouts/application (4.2ms)
  Rendered layouts/_header.html.erb (1.8ms)
Completed 200 OK in 120ms (Views: 117.4ms | ActiveRecord: 0.0ms)


Started GET "/cadastroDoador" for 127.0.0.1 at 2016-10-17 23:29:32 -0200
Processing by UserBloodDonators::RegistrationsController#new as HTML
  Rendering user_blood_donators/registrations/new.html.erb within layouts/application
  Rendered user_blood_donators/registrations/_form.html.erb (8.9ms)
  Rendered user_blood_donators/registrations/new.html.erb within layouts/application (11.3ms)
  Rendered layouts/_header.html.erb (1.1ms)
Completed 200 OK in 85ms (Views: 83.5ms | ActiveRecord: 0.0ms)


Started GET "/cadastroDoador" for 127.0.0.1 at 2016-10-17 23:33:06 -0200
Processing by UserBloodDonators::RegistrationsController#new as HTML
  Rendering user_blood_donators/registrations/new.html.erb within layouts/application
  Rendered user_blood_donators/registrations/_form.html.erb (3.0ms)
  Rendered user_blood_donators/registrations/new.html.erb within layouts/application (4.3ms)
  Rendered layouts/_header.html.erb (1.0ms)
Completed 200 OK in 127ms (Views: 125.7ms | ActiveRecord: 0.0ms)


Started GET "/cadastroDoador" for 127.0.0.1 at 2016-10-17 23:33:12 -0200
Processing by UserBloodDonators::RegistrationsController#new as HTML
  Rendering user_blood_donators/registrations/new.html.erb within layouts/application
  Rendered user_blood_donators/registrations/_form.html.erb (5.2ms)
  Rendered user_blood_donators/registrations/new.html.erb within layouts/application (7.2ms)
  Rendered layouts/_header.html.erb (1.1ms)
Completed 200 OK in 81ms (Views: 79.3ms | ActiveRecord: 0.0ms)


Started GET "/cadastroDoador" for 127.0.0.1 at 2016-10-17 23:33:41 -0200
Processing by UserBloodDonators::RegistrationsController#new as HTML
  Rendering user_blood_donators/registrations/new.html.erb within layouts/application
  Rendered user_blood_donators/registrations/_form.html.erb (3.1ms)
  Rendered user_blood_donators/registrations/new.html.erb within layouts/application (4.5ms)
  Rendered layouts/_header.html.erb (1.0ms)
Completed 200 OK in 152ms (Views: 151.5ms | ActiveRecord: 0.0ms)


Started GET "/cadastroDoador" for 127.0.0.1 at 2016-10-17 23:33:44 -0200
Processing by UserBloodDonators::RegistrationsController#new as HTML
  Rendering user_blood_donators/registrations/new.html.erb within layouts/application
  Rendered user_blood_donators/registrations/_form.html.erb (5.4ms)
  Rendered user_blood_donators/registrations/new.html.erb within layouts/application (6.8ms)
  Rendered layouts/_header.html.erb (0.9ms)
Completed 200 OK in 68ms (Views: 66.9ms | ActiveRecord: 0.0ms)


Started GET "/cadastroDoador" for 127.0.0.1 at 2016-10-17 23:34:05 -0200
Processing by UserBloodDonators::RegistrationsController#new as HTML
  Rendering user_blood_donators/registrations/new.html.erb within layouts/application
  Rendered user_blood_donators/registrations/_form.html.erb (4.8ms)
  Rendered user_blood_donators/registrations/new.html.erb within layouts/application (6.3ms)
  Rendered layouts/_header.html.erb (0.9ms)
Completed 200 OK in 127ms (Views: 126.1ms | ActiveRecord: 0.0ms)


Started GET "/cadastroDoador" for 127.0.0.1 at 2016-10-17 23:37:00 -0200
Processing by UserBloodDonators::RegistrationsController#new as HTML
  Rendering user_blood_donators/registrations/new.html.erb within layouts/application
  Rendered user_blood_donators/registrations/_form.html.erb (5.7ms)
  Rendered user_blood_donators/registrations/new.html.erb within layouts/application (7.7ms)
  Rendered layouts/_header.html.erb (1.0ms)
Completed 200 OK in 135ms (Views: 134.0ms | ActiveRecord: 0.0ms)


Started GET "/cadastroDoador" for 127.0.0.1 at 2016-10-17 23:38:36 -0200
Processing by UserBloodDonators::RegistrationsController#new as HTML
  Rendering user_blood_donators/registrations/new.html.erb within layouts/application
  Rendered user_blood_donators/registrations/_form.html.erb (3.8ms)
  Rendered user_blood_donators/registrations/new.html.erb within layouts/application (5.2ms)
  Rendered layouts/_header.html.erb (1.0ms)
Completed 200 OK in 133ms (Views: 131.4ms | ActiveRecord: 0.0ms)


Started GET "/cadastroDoador" for 127.0.0.1 at 2016-10-18 00:00:49 -0200
Processing by UserBloodDonators::RegistrationsController#new as HTML
  Rendering user_blood_donators/registrations/new.html.erb within layouts/application
  Rendered user_blood_donators/registrations/_form.html.erb (4.7ms)
  Rendered user_blood_donators/registrations/new.html.erb within layouts/application (5.9ms)
  Rendered layouts/_header.html.erb (1.0ms)
Completed 200 OK in 146ms (Views: 144.7ms | ActiveRecord: 0.0ms)


Started GET "/cadastroDoador" for 127.0.0.1 at 2016-10-18 00:10:03 -0200
Processing by UserBloodDonators::RegistrationsController#new as HTML
  Rendering user_blood_donators/registrations/new.html.erb within layouts/application
  Rendered user_blood_donators/registrations/_form.html.erb (5.5ms)
  Rendered user_blood_donators/registrations/new.html.erb within layouts/application (7.0ms)
  Rendered layouts/_header.html.erb (0.9ms)
Completed 200 OK in 96ms (Views: 93.8ms | ActiveRecord: 0.0ms)


Started GET "/cadastroDoador" for 127.0.0.1 at 2016-10-18 00:11:53 -0200
Processing by UserBloodDonators::RegistrationsController#new as HTML
  Rendering user_blood_donators/registrations/new.html.erb within layouts/application
  Rendered user_blood_donators/registrations/_form.html.erb (6.2ms)
  Rendered user_blood_donators/registrations/new.html.erb within layouts/application (8.2ms)
  Rendered layouts/_header.html.erb (1.2ms)
Completed 200 OK in 149ms (Views: 146.4ms | ActiveRecord: 0.0ms)


Started GET "/cadastroDoador" for 127.0.0.1 at 2016-10-18 00:12:17 -0200
Processing by UserBloodDonators::RegistrationsController#new as HTML
  Rendering user_blood_donators/registrations/new.html.erb within layouts/application
  Rendered user_blood_donators/registrations/_form.html.erb (5.1ms)
  Rendered user_blood_donators/registrations/new.html.erb within layouts/application (7.3ms)
  Rendered layouts/_header.html.erb (0.9ms)
Completed 200 OK in 136ms (Views: 134.2ms | ActiveRecord: 0.0ms)


Started GET "/cadastroDoador" for 127.0.0.1 at 2016-10-18 00:18:28 -0200
Processing by UserBloodDonators::RegistrationsController#new as HTML
  Rendering user_blood_donators/registrations/new.html.erb within layouts/application
  Rendered user_blood_donators/registrations/_form.html.erb (3.2ms)
  Rendered user_blood_donators/registrations/new.html.erb within layouts/application (4.2ms)
  Rendered layouts/_header.html.erb (1.0ms)
Completed 200 OK in 127ms (Views: 126.2ms | ActiveRecord: 0.0ms)


Started POST "/cadastroDoador" for 127.0.0.1 at 2016-10-18 00:18:34 -0200
Processing by UserBloodDonators::RegistrationsController#create as HTML
  Parameters: {"utf8"=>"✓", "authenticity_token"=>"L4H6ILXs3FpJwk+6mCJkyq0/34TXNoFJNw8ZQE9YN/5YmgHQ3tsZ99hwK1sJqDLPFTVVlM7wYHGlkGU3AeR2fg==", "user_blood_donator"=>{"name"=>"", "cpf"=>"", "email"=>"sfsdf@jojoj.com", "phone"=>"", "date_birth"=>"", "blood_type"=>"", "password"=>"[FILTERED]", "last_donation"=>""}, "commit"=>"Cadastrar"}
  [1m[35m (0.3ms)[0m  [1m[36mbegin transaction[0m
  [1m[35m (0.1ms)[0m  [1m[31mrollback transaction[0m
  Rendering user_blood_donators/registrations/new.html.erb within layouts/application
  Rendered user_blood_donators/registrations/_form.html.erb (3.2ms)
  Rendered user_blood_donators/registrations/new.html.erb within layouts/application (4.1ms)
  Rendered layouts/_header.html.erb (1.4ms)
Completed 200 OK in 183ms (Views: 62.8ms | ActiveRecord: 0.3ms)


Started GET "/cadastroDoador" for 127.0.0.1 at 2016-10-18 00:18:41 -0200
Processing by UserBloodDonators::RegistrationsController#new as HTML
  Rendering user_blood_donators/registrations/new.html.erb within layouts/application
  Rendered user_blood_donators/registrations/_form.html.erb (3.4ms)
  Rendered user_blood_donators/registrations/new.html.erb within layouts/application (4.8ms)
  Rendered layouts/_header.html.erb (0.9ms)
Completed 200 OK in 64ms (Views: 62.9ms | ActiveRecord: 0.0ms)


Started GET "/cadastroDoador" for 127.0.0.1 at 2016-10-18 00:18:44 -0200
Processing by UserBloodDonators::RegistrationsController#new as HTML
  Rendering user_blood_donators/registrations/new.html.erb within layouts/application
  Rendered user_blood_donators/registrations/_form.html.erb (4.3ms)
  Rendered user_blood_donators/registrations/new.html.erb within layouts/application (6.0ms)
  Rendered layouts/_header.html.erb (0.9ms)
Completed 200 OK in 72ms (Views: 70.0ms | ActiveRecord: 0.0ms)


Started GET "/cadastroDoador" for 127.0.0.1 at 2016-10-18 00:19:14 -0200
Processing by UserBloodDonators::RegistrationsController#new as HTML
  Rendering user_blood_donators/registrations/new.html.erb within layouts/application
  Rendered user_blood_donators/registrations/_form.html.erb (3.3ms)
  Rendered user_blood_donators/registrations/new.html.erb within layouts/application (4.2ms)
  Rendered layouts/_header.html.erb (1.0ms)
Completed 200 OK in 129ms (Views: 128.5ms | ActiveRecord: 0.0ms)


Started GET "/cadastroDoador" for 127.0.0.1 at 2016-10-18 00:22:24 -0200
Processing by UserBloodDonators::RegistrationsController#new as HTML
  Rendering user_blood_donators/registrations/new.html.erb within layouts/application
  Rendered user_blood_donators/registrations/_form.html.erb (4.2ms)
  Rendered user_blood_donators/registrations/new.html.erb within layouts/application (5.7ms)
  Rendered layouts/_header.html.erb (1.0ms)
Completed 200 OK in 69ms (Views: 67.6ms | ActiveRecord: 0.0ms)


Started GET "/cadastroBanco" for 127.0.0.1 at 2016-10-18 00:22:36 -0200
Processing by UserBloodBanks::RegistrationsController#new as HTML
  Rendering user_blood_banks/registrations/new.html.erb within layouts/application
  Rendered user_blood_banks/registrations/_form.html.erb (2.9ms)
  Rendered user_blood_banks/registrations/new.html.erb within layouts/application (4.3ms)
  Rendered layouts/_header.html.erb (0.9ms)
Completed 200 OK in 67ms (Views: 65.6ms | ActiveRecord: 0.0ms)


Started GET "/cadastroBanco" for 127.0.0.1 at 2016-10-18 00:22:41 -0200
Processing by UserBloodBanks::RegistrationsController#new as HTML
  Rendering user_blood_banks/registrations/new.html.erb within layouts/application
  Rendered user_blood_banks/registrations/_form.html.erb (2.5ms)
  Rendered user_blood_banks/registrations/new.html.erb within layouts/application (4.0ms)
  Rendered layouts/_header.html.erb (0.9ms)
Completed 200 OK in 66ms (Views: 64.0ms | ActiveRecord: 0.0ms)


Started GET "/cadastroBanco" for 127.0.0.1 at 2016-10-18 00:22:45 -0200
Processing by UserBloodBanks::RegistrationsController#new as HTML
  Rendering user_blood_banks/registrations/new.html.erb within layouts/application
  Rendered user_blood_banks/registrations/_form.html.erb (5.4ms)
  Rendered user_blood_banks/registrations/new.html.erb within layouts/application (7.6ms)
  Rendered layouts/_header.html.erb (0.9ms)
Completed 200 OK in 76ms (Views: 74.8ms | ActiveRecord: 0.0ms)


Started GET "/cadastroBanco" for 127.0.0.1 at 2016-10-18 00:22:47 -0200
Processing by UserBloodBanks::RegistrationsController#new as HTML
  Rendering user_blood_banks/registrations/new.html.erb within layouts/application
  Rendered user_blood_banks/registrations/_form.html.erb (4.2ms)
  Rendered user_blood_banks/registrations/new.html.erb within layouts/application (6.0ms)
  Rendered layouts/_header.html.erb (1.1ms)
Completed 200 OK in 82ms (Views: 79.9ms | ActiveRecord: 0.0ms)


Started GET "/cadastroBanco" for 127.0.0.1 at 2016-10-18 00:22:48 -0200
Processing by UserBloodBanks::RegistrationsController#new as HTML
  Rendering user_blood_banks/registrations/new.html.erb within layouts/application
  Rendered user_blood_banks/registrations/_form.html.erb (2.2ms)
  Rendered user_blood_banks/registrations/new.html.erb within layouts/application (3.4ms)
  Rendered layouts/_header.html.erb (1.1ms)
Completed 200 OK in 63ms (Views: 62.1ms | ActiveRecord: 0.0ms)


Started GET "/cadastroBanco" for 127.0.0.1 at 2016-10-18 00:22:50 -0200
Processing by UserBloodBanks::RegistrationsController#new as HTML
  Rendering user_blood_banks/registrations/new.html.erb within layouts/application
  Rendered user_blood_banks/registrations/_form.html.erb (2.6ms)
  Rendered user_blood_banks/registrations/new.html.erb within layouts/application (3.8ms)
  Rendered layouts/_header.html.erb (1.2ms)
Completed 200 OK in 61ms (Views: 60.2ms | ActiveRecord: 0.0ms)


Started GET "/cadastroDoador" for 127.0.0.1 at 2016-10-18 00:22:53 -0200
Processing by UserBloodDonators::RegistrationsController#new as HTML
  Rendering user_blood_donators/registrations/new.html.erb within layouts/application
  Rendered user_blood_donators/registrations/_form.html.erb (3.2ms)
  Rendered user_blood_donators/registrations/new.html.erb within layouts/application (4.3ms)
  Rendered layouts/_header.html.erb (0.9ms)
Completed 200 OK in 72ms (Views: 70.4ms | ActiveRecord: 0.0ms)


Started GET "/cadastroDoador" for 127.0.0.1 at 2016-10-18 00:22:54 -0200
Processing by UserBloodDonators::RegistrationsController#new as HTML
  Rendering user_blood_donators/registrations/new.html.erb within layouts/application
  Rendered user_blood_donators/registrations/_form.html.erb (4.6ms)
  Rendered user_blood_donators/registrations/new.html.erb within layouts/application (6.2ms)
  Rendered layouts/_header.html.erb (0.9ms)
Completed 200 OK in 71ms (Views: 68.6ms | ActiveRecord: 0.0ms)


Started GET "/cadastroDoador" for 127.0.0.1 at 2016-10-18 00:23:22 -0200
Processing by UserBloodDonators::RegistrationsController#new as HTML
  Rendering user_blood_donators/registrations/new.html.erb within layouts/application
  Rendered user_blood_donators/registrations/_form.html.erb (2.8ms)
  Rendered user_blood_donators/registrations/new.html.erb within layouts/application (4.8ms)
  Rendered layouts/_header.html.erb (0.9ms)
Completed 200 OK in 75ms (Views: 73.6ms | ActiveRecord: 0.0ms)


Started GET "/cadastroDoador" for 127.0.0.1 at 2016-10-18 00:23:25 -0200
Processing by UserBloodDonators::RegistrationsController#new as HTML
  Rendering user_blood_donators/registrations/new.html.erb within layouts/application
  Rendered user_blood_donators/registrations/_form.html.erb (3.3ms)
  Rendered user_blood_donators/registrations/new.html.erb within layouts/application (4.7ms)
  Rendered layouts/_header.html.erb (1.0ms)
Completed 200 OK in 70ms (Views: 68.9ms | ActiveRecord: 0.0ms)


Started GET "/cadastroDoador" for 127.0.0.1 at 2016-10-18 00:23:55 -0200
Processing by UserBloodDonators::RegistrationsController#new as HTML
  Rendering user_blood_donators/registrations/new.html.erb within layouts/application
  Rendered user_blood_donators/registrations/_form.html.erb (2.3ms)
  Rendered user_blood_donators/registrations/new.html.erb within layouts/application (3.2ms)
  Rendered layouts/_header.html.erb (0.9ms)
Completed 200 OK in 62ms (Views: 61.2ms | ActiveRecord: 0.0ms)


Started GET "/cadastroDoador" for 127.0.0.1 at 2016-10-18 00:25:43 -0200
Processing by UserBloodDonators::RegistrationsController#new as HTML
  Rendering user_blood_donators/registrations/new.html.erb within layouts/application
  Rendered user_blood_donators/registrations/_form.html.erb (2.5ms)
  Rendered user_blood_donators/registrations/new.html.erb within layouts/application (3.4ms)
  Rendered layouts/_header.html.erb (0.9ms)
Completed 200 OK in 126ms (Views: 124.9ms | ActiveRecord: 0.0ms)


Started GET "/cadastroDoador" for 127.0.0.1 at 2016-10-18 00:27:39 -0200
Processing by UserBloodDonators::RegistrationsController#new as HTML
  Rendering user_blood_donators/registrations/new.html.erb within layouts/application
  Rendered user_blood_donators/registrations/_form.html.erb (3.3ms)
  Rendered user_blood_donators/registrations/new.html.erb within layouts/application (4.7ms)
  Rendered layouts/_header.html.erb (1.0ms)
Completed 200 OK in 126ms (Views: 124.8ms | ActiveRecord: 0.0ms)


Started GET "/cadastroDoador" for 127.0.0.1 at 2016-10-18 00:28:16 -0200
Processing by UserBloodDonators::RegistrationsController#new as HTML
  Rendering user_blood_donators/registrations/new.html.erb within layouts/application
  Rendered user_blood_donators/registrations/_form.html.erb (3.0ms)
  Rendered user_blood_donators/registrations/new.html.erb within layouts/application (4.4ms)
  Rendered layouts/_header.html.erb (1.2ms)
Completed 200 OK in 126ms (Views: 125.3ms | ActiveRecord: 0.0ms)


Started GET "/cadastroDoador" for 127.0.0.1 at 2016-10-18 00:28:35 -0200
Processing by UserBloodDonators::RegistrationsController#new as HTML
  Rendering user_blood_donators/registrations/new.html.erb within layouts/application
  Rendered user_blood_donators/registrations/_form.html.erb (2.6ms)
  Rendered user_blood_donators/registrations/new.html.erb within layouts/application (3.5ms)
  Rendered layouts/_header.html.erb (0.9ms)
Completed 200 OK in 136ms (Views: 134.6ms | ActiveRecord: 0.0ms)


Started GET "/cadastroDoador" for 127.0.0.1 at 2016-10-18 00:29:13 -0200
Processing by UserBloodDonators::RegistrationsController#new as HTML
  Rendering user_blood_donators/registrations/new.html.erb within layouts/application
  Rendered user_blood_donators/registrations/_form.html.erb (5.1ms)
  Rendered user_blood_donators/registrations/new.html.erb within layouts/application (7.1ms)
  Rendered layouts/_header.html.erb (1.0ms)
Completed 200 OK in 144ms (Views: 142.6ms | ActiveRecord: 0.0ms)


Started GET "/cadastroDoador" for 127.0.0.1 at 2016-10-18 00:30:32 -0200
Processing by UserBloodDonators::RegistrationsController#new as HTML
  Rendering user_blood_donators/registrations/new.html.erb within layouts/application
  Rendered user_blood_donators/registrations/_form.html.erb (2.5ms)
  Rendered user_blood_donators/registrations/new.html.erb within layouts/application (3.3ms)
  Rendered layouts/_header.html.erb (1.0ms)
Completed 200 OK in 136ms (Views: 135.7ms | ActiveRecord: 0.0ms)


Started GET "/cadastroDoador" for 127.0.0.1 at 2016-10-18 00:33:53 -0200
Processing by UserBloodDonators::RegistrationsController#new as HTML
  Rendering user_blood_donators/registrations/new.html.erb within layouts/application
  Rendered user_blood_donators/registrations/_form.html.erb (2.9ms)
  Rendered user_blood_donators/registrations/new.html.erb within layouts/application (3.9ms)
  Rendered layouts/_header.html.erb (1.0ms)
Completed 200 OK in 127ms (Views: 125.1ms | ActiveRecord: 0.0ms)


Started GET "/cadastroDoador" for 127.0.0.1 at 2016-10-18 00:33:58 -0200
Processing by UserBloodDonators::RegistrationsController#new as HTML
  Rendering user_blood_donators/registrations/new.html.erb within layouts/application
  Rendered user_blood_donators/registrations/_form.html.erb (5.1ms)
  Rendered user_blood_donators/registrations/new.html.erb within layouts/application (7.6ms)
  Rendered layouts/_header.html.erb (0.9ms)
Completed 200 OK in 71ms (Views: 69.4ms | ActiveRecord: 0.0ms)


Started POST "/cadastroDoador" for 127.0.0.1 at 2016-10-18 00:34:00 -0200
Processing by UserBloodDonators::RegistrationsController#create as HTML
  Parameters: {"utf8"=>"✓", "authenticity_token"=>"MhRHu7K1rNIfM2spgDQlxgiDf/dXK9/+PvoQLR2yuV1FD7xL2YJpf46BD8gRvnPDsIn1507tPsasZWxaUw743Q==", "user_blood_donator"=>{"name"=>"", "cpf"=>"", "email"=>"", "phone"=>"", "date_birth"=>"", "blood_type"=>"", "password"=>"[FILTERED]", "last_donation"=>""}, "commit"=>"Cadastrar"}
  [1m[35m (0.1ms)[0m  [1m[36mbegin transaction[0m
  [1m[35m (0.1ms)[0m  [1m[31mrollback transaction[0m
  Rendering user_blood_donators/registrations/new.html.erb within layouts/application
  Rendered user_blood_donators/registrations/_form.html.erb (3.7ms)
  Rendered user_blood_donators/registrations/new.html.erb within layouts/application (4.8ms)
  Rendered layouts/_header.html.erb (1.0ms)
Completed 200 OK in 73ms (Views: 66.4ms | ActiveRecord: 0.1ms)


Started GET "/cadastroDoador" for 127.0.0.1 at 2016-10-18 00:34:06 -0200
Processing by UserBloodDonators::RegistrationsController#new as HTML
  Rendering user_blood_donators/registrations/new.html.erb within layouts/application
  Rendered user_blood_donators/registrations/_form.html.erb (3.6ms)
  Rendered user_blood_donators/registrations/new.html.erb within layouts/application (4.5ms)
  Rendered layouts/_header.html.erb (1.1ms)
Completed 200 OK in 64ms (Views: 63.6ms | ActiveRecord: 0.0ms)


Started POST "/cadastroDoador" for 127.0.0.1 at 2016-10-18 00:34:10 -0200
Processing by UserBloodDonators::RegistrationsController#create as HTML
  Parameters: {"utf8"=>"✓", "authenticity_token"=>"Fdx0MTaEPBg1G3u0csuKnmDFb9ZmFHLHo/0LPD1Oy+5ix4/BXbP5taSpH1XjQdyb2M/lxn/Sk/8xYndLc/KKbg==", "user_blood_donator"=>{"name"=>"", "cpf"=>"", "email"=>"", "phone"=>"", "date_birth"=>"", "blood_type"=>"", "password"=>"[FILTERED]", "last_donation"=>""}, "commit"=>"Cadastrar"}
  [1m[35m (0.4ms)[0m  [1m[36mbegin transaction[0m
  [1m[35mSQL (0.3ms)[0m  [1m[32mINSERT INTO "user_blood_donators" ("encrypted_password", "created_at", "updated_at", "name", "phone", "cpf", "blood_type") VALUES (?, ?, ?, ?, ?, ?, ?)[0m  [["encrypted_password", "$2a$11$wqKyAWM4U8vxwR3H51iVI.vc.j.VQ.MU0zWS44pot9Sb5TJQdSLCG"], ["created_at", 2016-10-18 02:34:11 UTC], ["updated_at", 2016-10-18 02:34:11 UTC], ["name", ""], ["phone", ""], ["cpf", ""], ["blood_type", ""]]
  [1m[35m (118.8ms)[0m  [1m[36mcommit transaction[0m
  [1m[35m (0.1ms)[0m  [1m[36mbegin transaction[0m
  [1m[35mSQL (0.2ms)[0m  [1m[33mUPDATE "user_blood_donators" SET "sign_in_count" = ?, "current_sign_in_at" = ?, "last_sign_in_at" = ?, "current_sign_in_ip" = ?, "last_sign_in_ip" = ?, "updated_at" = ? WHERE "user_blood_donators"."id" = ?[0m  [["sign_in_count", 1], ["current_sign_in_at", 2016-10-18 02:34:11 UTC], ["last_sign_in_at", 2016-10-18 02:34:11 UTC], ["current_sign_in_ip", "127.0.0.1"], ["last_sign_in_ip", "127.0.0.1"], ["updated_at", 2016-10-18 02:34:11 UTC], ["id", 2]]
  [1m[35m (105.9ms)[0m  [1m[36mcommit transaction[0m
Redirected to http://localhost:3000/dashboard
Completed 302 Found in 420ms (ActiveRecord: 225.7ms)


Started GET "/dashboard" for 127.0.0.1 at 2016-10-18 00:34:11 -0200
Processing by WelcomeController#index as HTML
  [1m[36mUserBloodDonator Load (0.5ms)[0m  [1m[34mSELECT  "user_blood_donators".* FROM "user_blood_donators" WHERE "user_blood_donators"."id" = ? ORDER BY "user_blood_donators"."id" ASC LIMIT ?[0m  [["id", 2], ["LIMIT", 1]]
  Rendering welcome/index.html.erb within layouts/application
  Rendered welcome/index.html.erb within layouts/application (0.4ms)
  Rendered layouts/_header.html.erb (1.2ms)
Completed 200 OK in 60ms (Views: 56.1ms | ActiveRecord: 0.5ms)


Started DELETE "/logout" for 127.0.0.1 at 2016-10-18 00:34:14 -0200
Processing by Devise::SessionsController#destroy as HTML
  Parameters: {"authenticity_token"=>"Bp6FOqzhF33weu26+lraGTQinTUHqxJG2cDV41sO2cBxhX7Kx9bS0GHIiVtr0IwcjCgXJR5t835LX6mUFbKYQA=="}
  [1m[36mUserBloodDonator Load (0.2ms)[0m  [1m[34mSELECT  "user_blood_donators".* FROM "user_blood_donators" WHERE "user_blood_donators"."id" = ? ORDER BY "user_blood_donators"."id" ASC LIMIT ?[0m  [["id", 2], ["LIMIT", 1]]
  [1m[35m (0.1ms)[0m  [1m[36mbegin transaction[0m
  [1m[35m (0.1ms)[0m  [1m[36mcommit transaction[0m
Redirected to http://localhost:3000/
Completed 302 Found in 5ms (ActiveRecord: 0.4ms)


Started GET "/" for 127.0.0.1 at 2016-10-18 00:34:14 -0200
Processing by ApplicationController#index as HTML
  Rendering application/index.html.erb within layouts/application
  Rendered application/index.html.erb within layouts/application (0.4ms)
  Rendered layouts/_header.html.erb (1.4ms)
Completed 200 OK in 65ms (Views: 63.4ms | ActiveRecord: 0.0ms)


Started GET "/cadastroDoador" for 127.0.0.1 at 2016-10-18 00:34:16 -0200
Processing by UserBloodDonators::RegistrationsController#new as HTML
  Rendering user_blood_donators/registrations/new.html.erb within layouts/application
  Rendered user_blood_donators/registrations/_form.html.erb (3.6ms)
  Rendered user_blood_donators/registrations/new.html.erb within layouts/application (4.8ms)
  Rendered layouts/_header.html.erb (0.9ms)
Completed 200 OK in 74ms (Views: 72.8ms | ActiveRecord: 0.0ms)


Started GET "/cadastroDoador" for 127.0.0.1 at 2016-10-18 00:35:29 -0200
Processing by UserBloodDonators::RegistrationsController#new as HTML
  Rendering user_blood_donators/registrations/new.html.erb within layouts/application
  Rendered user_blood_donators/registrations/_form.html.erb (2.8ms)
  Rendered user_blood_donators/registrations/new.html.erb within layouts/application (4.0ms)
  Rendered layouts/_header.html.erb (0.9ms)
Completed 200 OK in 123ms (Views: 122.5ms | ActiveRecord: 0.0ms)


Started GET "/cadastroDoador" for 127.0.0.1 at 2016-10-18 00:35:29 -0200
Processing by UserBloodDonators::RegistrationsController#new as HTML
  Rendering user_blood_donators/registrations/new.html.erb within layouts/application
  Rendered user_blood_donators/registrations/_form.html.erb (4.1ms)
  Rendered user_blood_donators/registrations/new.html.erb within layouts/application (5.6ms)
  Rendered layouts/_header.html.erb (1.0ms)
Completed 200 OK in 74ms (Views: 73.4ms | ActiveRecord: 0.0ms)


Started GET "/cadastroDoador" for 127.0.0.1 at 2016-10-18 00:35:34 -0200
Processing by UserBloodDonators::RegistrationsController#new as HTML
  Rendering user_blood_donators/registrations/new.html.erb within layouts/application
  Rendered user_blood_donators/registrations/_form.html.erb (3.7ms)
  Rendered user_blood_donators/registrations/new.html.erb within layouts/application (5.3ms)
  Rendered layouts/_header.html.erb (1.0ms)
Completed 200 OK in 66ms (Views: 64.1ms | ActiveRecord: 0.0ms)


Started GET "/cadastroDoador" for 127.0.0.1 at 2016-10-18 00:37:01 -0200
Processing by UserBloodDonators::RegistrationsController#new as HTML
  Rendering user_blood_donators/registrations/new.html.erb within layouts/application
  Rendered user_blood_donators/registrations/_form.html.erb (5.3ms)
  Rendered user_blood_donators/registrations/new.html.erb within layouts/application (7.1ms)
  Rendered layouts/_header.html.erb (1.0ms)
Completed 200 OK in 159ms (Views: 156.9ms | ActiveRecord: 0.0ms)


Started GET "/cadastroDoador" for 127.0.0.1 at 2016-10-18 00:37:01 -0200
Processing by UserBloodDonators::RegistrationsController#new as HTML
  Rendering user_blood_donators/registrations/new.html.erb within layouts/application
  Rendered user_blood_donators/registrations/_form.html.erb (4.1ms)
  Rendered user_blood_donators/registrations/new.html.erb within layouts/application (16.2ms)
  Rendered layouts/_header.html.erb (0.9ms)
Completed 200 OK in 121ms (Views: 120.4ms | ActiveRecord: 0.0ms)


Started GET "/cadastroDoador" for 127.0.0.1 at 2016-10-18 00:37:56 -0200
Processing by UserBloodDonators::RegistrationsController#new as HTML
  Rendering user_blood_donators/registrations/new.html.erb within layouts/application
  Rendered user_blood_donators/registrations/_form.html.erb (5.4ms)
  Rendered user_blood_donators/registrations/new.html.erb within layouts/application (7.4ms)
  Rendered layouts/_header.html.erb (1.0ms)
Completed 200 OK in 140ms (Views: 137.7ms | ActiveRecord: 0.0ms)


Started GET "/cadastroDoador" for 127.0.0.1 at 2016-10-18 00:38:20 -0200
Processing by UserBloodDonators::RegistrationsController#new as HTML
  Rendering user_blood_donators/registrations/new.html.erb within layouts/application
  Rendered user_blood_donators/registrations/_form.html.erb (3.2ms)
  Rendered user_blood_donators/registrations/new.html.erb within layouts/application (4.4ms)
  Rendered layouts/_header.html.erb (1.0ms)
Completed 200 OK in 72ms (Views: 71.6ms | ActiveRecord: 0.0ms)


Started GET "/cadastroDoador" for 127.0.0.1 at 2016-10-18 00:48:00 -0200
Processing by UserBloodDonators::RegistrationsController#new as HTML
  Rendering user_blood_donators/registrations/new.html.erb within layouts/application
  Rendered user_blood_donators/registrations/_form.html.erb (3.5ms)
  Rendered user_blood_donators/registrations/new.html.erb within layouts/application (5.2ms)
  Rendered layouts/_header.html.erb (1.0ms)
Completed 200 OK in 125ms (Views: 124.1ms | ActiveRecord: 0.0ms)


Started GET "/cadastroDoador" for 127.0.0.1 at 2016-10-18 00:48:57 -0200
Processing by UserBloodDonators::RegistrationsController#new as HTML
  Rendering user_blood_donators/registrations/new.html.erb within layouts/application
  Rendered user_blood_donators/registrations/_form.html.erb (3.4ms)
  Rendered user_blood_donators/registrations/new.html.erb within layouts/application (4.9ms)
  Rendered layouts/_header.html.erb (1.1ms)
Completed 200 OK in 127ms (Views: 125.7ms | ActiveRecord: 0.0ms)


